2023-11-12 05:04:18.554 [info] Log level: Info
2023-11-12 05:04:18.555 [info] Validating found git in: "git"
2023-11-12 05:04:18.555 [info] Using git "2.39.2" from "git"
2023-11-12 05:04:18.555 [info] > git rev-parse --show-toplevel [24ms]
2023-11-12 05:04:18.556 [info] fatal: not a git repository (or any of the parent directories): .git
2023-11-12 05:04:18.556 [info] > git rev-parse --show-toplevel [2ms]
2023-11-12 05:04:18.556 [info] fatal: not a git repository (or any of the parent directories): .git
2023-11-12 05:04:18.557 [info] > git rev-parse --show-toplevel [8ms]
2023-11-12 05:04:18.557 [info] fatal: not a git repository (or any of the parent directories): .git
2023-11-12 05:04:18.570 [info] > git rev-parse --show-toplevel [2ms]
2023-11-12 05:04:18.570 [info] fatal: not a git repository (or any parent up to mount point /root)
Stopping at filesystem boundary (GIT_DISCOVERY_ACROSS_FILESYSTEM not set).
2023-11-12 05:04:18.579 [info] > git rev-parse --show-toplevel [5ms]
2023-11-12 05:04:18.579 [info] fatal: not a git repository (or any parent up to mount point /root)
Stopping at filesystem boundary (GIT_DISCOVERY_ACROSS_FILESYSTEM not set).
2023-11-12 05:04:19.937 [info] > git rev-parse --show-toplevel [26ms]
2023-11-12 05:04:19.937 [info] fatal: not a git repository (or any parent up to mount point /root)
Stopping at filesystem boundary (GIT_DISCOVERY_ACROSS_FILESYSTEM not set).
2023-11-12 05:04:23.193 [info] > git rev-parse --show-toplevel [33ms]
2023-11-12 05:04:23.193 [info] fatal: not a git repository (or any parent up to mount point /root)
Stopping at filesystem boundary (GIT_DISCOVERY_ACROSS_FILESYSTEM not set).
2023-11-12 05:04:24.627 [info] > git rev-parse --show-toplevel [4ms]
2023-11-12 05:04:24.628 [info] fatal: not a git repository (or any parent up to mount point /root)
Stopping at filesystem boundary (GIT_DISCOVERY_ACROSS_FILESYSTEM not set).
2023-11-12 05:04:26.449 [info] > git rev-parse --show-toplevel [5ms]
2023-11-12 05:04:26.450 [info] fatal: not a git repository (or any parent up to mount point /root)
Stopping at filesystem boundary (GIT_DISCOVERY_ACROSS_FILESYSTEM not set).
2023-11-12 05:05:27.491 [info] > git rev-parse --show-toplevel [7ms]
2023-11-12 05:05:27.492 [info] fatal: not a git repository (or any parent up to mount point /root)
Stopping at filesystem boundary (GIT_DISCOVERY_ACROSS_FILESYSTEM not set).
2023-11-12 05:05:30.570 [info] > git rev-parse --show-toplevel [4ms]
2023-11-12 05:05:30.570 [info] fatal: not a git repository (or any parent up to mount point /root)
Stopping at filesystem boundary (GIT_DISCOVERY_ACROSS_FILESYSTEM not set).
2023-11-12 05:05:38.772 [info] > git rev-parse --show-toplevel [4ms]
2023-11-12 05:05:38.772 [info] fatal: not a git repository (or any parent up to mount point /root)
Stopping at filesystem boundary (GIT_DISCOVERY_ACROSS_FILESYSTEM not set).
2023-11-12 05:05:47.146 [info] > git rev-parse --show-toplevel [5ms]
2023-11-12 05:05:47.146 [info] fatal: not a git repository (or any parent up to mount point /root)
Stopping at filesystem boundary (GIT_DISCOVERY_ACROSS_FILESYSTEM not set).
2023-11-12 05:05:50.599 [info] > git rev-parse --show-toplevel [6ms]
2023-11-12 05:05:50.599 [info] fatal: not a git repository (or any parent up to mount point /root)
Stopping at filesystem boundary (GIT_DISCOVERY_ACROSS_FILESYSTEM not set).
2023-11-12 05:05:52.063 [info] > git rev-parse --show-toplevel [1ms]
2023-11-12 05:05:52.063 [info] fatal: not a git repository (or any parent up to mount point /root)
Stopping at filesystem boundary (GIT_DISCOVERY_ACROSS_FILESYSTEM not set).
2023-11-12 05:06:07.363 [info] > git rev-parse --show-toplevel [2ms]
2023-11-12 05:06:07.364 [info] fatal: not a git repository (or any parent up to mount point /root)
Stopping at filesystem boundary (GIT_DISCOVERY_ACROSS_FILESYSTEM not set).
2023-11-12 05:06:28.025 [info] > git rev-parse --show-toplevel [5ms]
2023-11-12 05:06:28.026 [info] fatal: not a git repository (or any parent up to mount point /root)
Stopping at filesystem boundary (GIT_DISCOVERY_ACROSS_FILESYSTEM not set).
2023-11-12 05:07:21.101 [info] > git rev-parse --show-toplevel [20ms]
2023-11-12 05:07:21.101 [info] fatal: not a git repository (or any parent up to mount point /root)
Stopping at filesystem boundary (GIT_DISCOVERY_ACROSS_FILESYSTEM not set).
2023-11-12 05:07:21.788 [info] > git rev-parse --show-toplevel [4ms]
2023-11-12 05:07:21.788 [info] fatal: not a git repository (or any parent up to mount point /root)
Stopping at filesystem boundary (GIT_DISCOVERY_ACROSS_FILESYSTEM not set).
2023-11-12 05:08:51.732 [info] > git rev-parse --show-toplevel [1ms]
2023-11-12 05:08:51.732 [info] fatal: not a git repository (or any of the parent directories): .git
2023-11-12 05:08:51.765 [info] > git rev-parse --show-toplevel [3ms]
2023-11-12 05:08:51.765 [info] fatal: not a git repository (or any of the parent directories): .git
2023-11-12 05:10:28.470 [info] > git rev-parse --show-toplevel [6ms]
2023-11-12 05:10:28.471 [info] fatal: not a git repository (or any parent up to mount point /root)
Stopping at filesystem boundary (GIT_DISCOVERY_ACROSS_FILESYSTEM not set).
2023-11-12 05:10:43.199 [info] > git rev-parse --show-toplevel [4ms]
2023-11-12 05:10:43.199 [info] fatal: not a git repository (or any parent up to mount point /root)
Stopping at filesystem boundary (GIT_DISCOVERY_ACROSS_FILESYSTEM not set).
2023-11-12 05:10:44.985 [info] > git rev-parse --show-toplevel [4ms]
2023-11-12 05:10:44.986 [info] fatal: not a git repository (or any parent up to mount point /root)
Stopping at filesystem boundary (GIT_DISCOVERY_ACROSS_FILESYSTEM not set).
2023-11-12 05:11:56.715 [info] > git rev-parse --show-toplevel [6ms]
2023-11-12 05:11:56.715 [info] fatal: not a git repository (or any parent up to mount point /root)
Stopping at filesystem boundary (GIT_DISCOVERY_ACROSS_FILESYSTEM not set).
2023-11-12 05:12:04.934 [info] > git rev-parse --show-toplevel [4ms]
2023-11-12 05:12:04.934 [info] fatal: not a git repository (or any parent up to mount point /root)
Stopping at filesystem boundary (GIT_DISCOVERY_ACROSS_FILESYSTEM not set).
2023-11-12 05:12:08.754 [info] > git rev-parse --show-toplevel [8ms]
2023-11-12 05:12:08.754 [info] fatal: not a git repository (or any parent up to mount point /root)
Stopping at filesystem boundary (GIT_DISCOVERY_ACROSS_FILESYSTEM not set).
2023-11-12 05:12:31.161 [info] > git rev-parse --show-toplevel [4ms]
2023-11-12 05:12:31.161 [info] fatal: not a git repository (or any parent up to mount point /root)
Stopping at filesystem boundary (GIT_DISCOVERY_ACROSS_FILESYSTEM not set).
2023-11-12 05:12:44.226 [info] > git rev-parse --show-toplevel [4ms]
2023-11-12 05:12:44.227 [info] fatal: not a git repository (or any parent up to mount point /root)
Stopping at filesystem boundary (GIT_DISCOVERY_ACROSS_FILESYSTEM not set).
2023-11-12 05:15:55.886 [info] > git rev-parse --show-toplevel [4ms]
2023-11-12 05:15:55.886 [info] fatal: not a git repository (or any parent up to mount point /root)
Stopping at filesystem boundary (GIT_DISCOVERY_ACROSS_FILESYSTEM not set).
2023-11-12 05:17:38.657 [info] > git rev-parse --show-toplevel [0ms]
2023-11-12 05:17:38.657 [info] fatal: not a git repository (or any of the parent directories): .git
2023-11-12 05:17:39.063 [info] > git rev-parse --show-toplevel [3ms]
2023-11-12 05:17:39.064 [info] fatal: not a git repository (or any parent up to mount point /root)
Stopping at filesystem boundary (GIT_DISCOVERY_ACROSS_FILESYSTEM not set).
